0 info it worked if it ends with ok
1 verbose cli [ '/usr/local/bin/node', '/usr/local/bin/npm', 'install' ]
2 info using npm@3.3.12
3 info using node@v5.5.0
4 silly loadCurrentTree Starting
5 silly install loadCurrentTree
6 silly install readLocalPackageData
7 silly install normalizeTree
8 silly loadCurrentTree Finishing
9 silly loadIdealTree Starting
10 silly install loadIdealTree
11 silly cloneCurrentTree Starting
12 silly install cloneCurrentTreeToIdealTree
13 silly cloneCurrentTree Finishing
14 silly loadShrinkwrap Starting
15 silly install loadShrinkwrap
16 silly loadShrinkwrap Finishing
17 silly loadAllDepsIntoIdealTree Starting
18 silly install loadAllDepsIntoIdealTree
19 silly fetchNamedPackageData morgan
20 silly mapToRegistry name morgan
21 silly mapToRegistry using default registry
22 silly mapToRegistry registry https://registry.npmjs.org/
23 silly mapToRegistry uri https://registry.npmjs.org/morgan
24 silly fetchNamedPackageData express
25 silly mapToRegistry name express
26 silly mapToRegistry using default registry
27 silly mapToRegistry registry https://registry.npmjs.org/
28 silly mapToRegistry uri https://registry.npmjs.org/express
29 silly fetchNamedPackageData body-parser
30 silly mapToRegistry name body-parser
31 silly mapToRegistry using default registry
32 silly mapToRegistry registry https://registry.npmjs.org/
33 silly mapToRegistry uri https://registry.npmjs.org/body-parser
34 silly fetchNamedPackageData mongoose
35 silly mapToRegistry name mongoose
36 silly mapToRegistry using default registry
37 silly mapToRegistry registry https://registry.npmjs.org/
38 silly mapToRegistry uri https://registry.npmjs.org/mongoose
39 silly fetchNamedPackageData bcrypt-node.js
40 silly mapToRegistry name bcrypt-node.js
41 silly mapToRegistry using default registry
42 silly mapToRegistry registry https://registry.npmjs.org/
43 silly mapToRegistry uri https://registry.npmjs.org/bcrypt-node.js
44 verbose request uri https://registry.npmjs.org/bcrypt-node.js
45 verbose request no auth needed
46 info attempt registry request try #1 at 5:11:31 PM
47 verbose request id dcd2f6a478765aed
48 http request GET https://registry.npmjs.org/bcrypt-node.js
49 verbose request uri https://registry.npmjs.org/morgan
50 verbose request no auth needed
51 info attempt registry request try #1 at 5:11:31 PM
52 verbose etag "7XNHL35C3J4QU6DFJ74ES57WW"
53 http request GET https://registry.npmjs.org/morgan
54 verbose request uri https://registry.npmjs.org/body-parser
55 verbose request no auth needed
56 info attempt registry request try #1 at 5:11:31 PM
57 verbose etag "41W3BUAW2RUOUU2N8JITZHN6S"
58 http request GET https://registry.npmjs.org/body-parser
59 verbose request uri https://registry.npmjs.org/express
60 verbose request no auth needed
61 info attempt registry request try #1 at 5:11:31 PM
62 verbose etag "5UWXKADZDLN0MPCMBF8SPTGR"
63 http request GET https://registry.npmjs.org/express
64 verbose request uri https://registry.npmjs.org/mongoose
65 verbose request no auth needed
66 info attempt registry request try #1 at 5:11:31 PM
67 verbose etag "2OH29QWF7C1W3DUYH11F02TWE"
68 http request GET https://registry.npmjs.org/mongoose
69 http 304 https://registry.npmjs.org/mongoose
70 verbose headers { date: 'Wed, 16 Mar 2016 21:11:33 GMT',
70 verbose headers   via: '1.1 varnish',
70 verbose headers   'cache-control': 'max-age=300',
70 verbose headers   etag: '"2OH29QWF7C1W3DUYH11F02TWE"',
70 verbose headers   age: '146',
70 verbose headers   connection: 'keep-alive',
70 verbose headers   'x-served-by': 'cache-jfk1034-JFK',
70 verbose headers   'x-cache': 'HIT',
70 verbose headers   'x-cache-hits': '2',
70 verbose headers   'x-timer': 'S1458162693.371159,VS0,VE0',
70 verbose headers   vary: 'Accept' }
71 silly get cb [ 304,
71 silly get   { date: 'Wed, 16 Mar 2016 21:11:33 GMT',
71 silly get     via: '1.1 varnish',
71 silly get     'cache-control': 'max-age=300',
71 silly get     etag: '"2OH29QWF7C1W3DUYH11F02TWE"',
71 silly get     age: '146',
71 silly get     connection: 'keep-alive',
71 silly get     'x-served-by': 'cache-jfk1034-JFK',
71 silly get     'x-cache': 'HIT',
71 silly get     'x-cache-hits': '2',
71 silly get     'x-timer': 'S1458162693.371159,VS0,VE0',
71 silly get     vary: 'Accept' } ]
72 verbose etag https://registry.npmjs.org/mongoose from cache
73 verbose get saving mongoose to /Users/cody/.npm/registry.npmjs.org/mongoose/.cache.json
74 http 304 https://registry.npmjs.org/express
75 verbose headers { date: 'Wed, 16 Mar 2016 21:11:33 GMT',
75 verbose headers   via: '1.1 varnish',
75 verbose headers   'cache-control': 'max-age=300',
75 verbose headers   etag: '"5UWXKADZDLN0MPCMBF8SPTGR"',
75 verbose headers   age: '154',
75 verbose headers   connection: 'keep-alive',
75 verbose headers   'x-served-by': 'cache-jfk1028-JFK',
75 verbose headers   'x-cache': 'HIT',
75 verbose headers   'x-cache-hits': '4',
75 verbose headers   'x-timer': 'S1458162693.368744,VS0,VE0',
75 verbose headers   vary: 'Accept' }
76 silly get cb [ 304,
76 silly get   { date: 'Wed, 16 Mar 2016 21:11:33 GMT',
76 silly get     via: '1.1 varnish',
76 silly get     'cache-control': 'max-age=300',
76 silly get     etag: '"5UWXKADZDLN0MPCMBF8SPTGR"',
76 silly get     age: '154',
76 silly get     connection: 'keep-alive',
76 silly get     'x-served-by': 'cache-jfk1028-JFK',
76 silly get     'x-cache': 'HIT',
76 silly get     'x-cache-hits': '4',
76 silly get     'x-timer': 'S1458162693.368744,VS0,VE0',
76 silly get     vary: 'Accept' } ]
77 verbose etag https://registry.npmjs.org/express from cache
78 verbose get saving express to /Users/cody/.npm/registry.npmjs.org/express/.cache.json
79 http 304 https://registry.npmjs.org/morgan
80 verbose headers { date: 'Wed, 16 Mar 2016 21:11:33 GMT',
80 verbose headers   via: '1.1 varnish',
80 verbose headers   'cache-control': 'max-age=300',
80 verbose headers   etag: '"7XNHL35C3J4QU6DFJ74ES57WW"',
80 verbose headers   age: '186',
80 verbose headers   connection: 'keep-alive',
80 verbose headers   'x-served-by': 'cache-jfk1044-JFK',
80 verbose headers   'x-cache': 'HIT',
80 verbose headers   'x-cache-hits': '5',
80 verbose headers   'x-timer': 'S1458162693.369657,VS0,VE0',
80 verbose headers   vary: 'Accept' }
81 silly get cb [ 304,
81 silly get   { date: 'Wed, 16 Mar 2016 21:11:33 GMT',
81 silly get     via: '1.1 varnish',
81 silly get     'cache-control': 'max-age=300',
81 silly get     etag: '"7XNHL35C3J4QU6DFJ74ES57WW"',
81 silly get     age: '186',
81 silly get     connection: 'keep-alive',
81 silly get     'x-served-by': 'cache-jfk1044-JFK',
81 silly get     'x-cache': 'HIT',
81 silly get     'x-cache-hits': '5',
81 silly get     'x-timer': 'S1458162693.369657,VS0,VE0',
81 silly get     vary: 'Accept' } ]
82 verbose etag https://registry.npmjs.org/morgan from cache
83 verbose get saving morgan to /Users/cody/.npm/registry.npmjs.org/morgan/.cache.json
84 http 304 https://registry.npmjs.org/body-parser
85 verbose headers { date: 'Wed, 16 Mar 2016 21:11:33 GMT',
85 verbose headers   via: '1.1 varnish',
85 verbose headers   'cache-control': 'max-age=300',
85 verbose headers   etag: '"41W3BUAW2RUOUU2N8JITZHN6S"',
85 verbose headers   age: '95',
85 verbose headers   connection: 'keep-alive',
85 verbose headers   'x-served-by': 'cache-jfk1028-JFK',
85 verbose headers   'x-cache': 'HIT',
85 verbose headers   'x-cache-hits': '5',
85 verbose headers   'x-timer': 'S1458162693.369688,VS0,VE0',
85 verbose headers   vary: 'Accept' }
86 silly get cb [ 304,
86 silly get   { date: 'Wed, 16 Mar 2016 21:11:33 GMT',
86 silly get     via: '1.1 varnish',
86 silly get     'cache-control': 'max-age=300',
86 silly get     etag: '"41W3BUAW2RUOUU2N8JITZHN6S"',
86 silly get     age: '95',
86 silly get     connection: 'keep-alive',
86 silly get     'x-served-by': 'cache-jfk1028-JFK',
86 silly get     'x-cache': 'HIT',
86 silly get     'x-cache-hits': '5',
86 silly get     'x-timer': 'S1458162693.369688,VS0,VE0',
86 silly get     vary: 'Accept' } ]
87 verbose etag https://registry.npmjs.org/body-parser from cache
88 verbose get saving body-parser to /Users/cody/.npm/registry.npmjs.org/body-parser/.cache.json
89 silly resolveWithNewModule morgan@1.5.3 checking installable status
90 silly cache add args [ 'morgan@~1.5.0', null ]
91 verbose cache add spec morgan@~1.5.0
92 silly cache add parsed spec Result {
92 silly cache add   raw: 'morgan@~1.5.0',
92 silly cache add   scope: null,
92 silly cache add   name: 'morgan',
92 silly cache add   rawSpec: '~1.5.0',
92 silly cache add   spec: '>=1.5.0 <1.6.0',
92 silly cache add   type: 'range' }
93 silly addNamed morgan@>=1.5.0 <1.6.0
94 verbose addNamed ">=1.5.0 <1.6.0" is a valid semver range for morgan
95 silly addNameRange { name: 'morgan', range: '>=1.5.0 <1.6.0', hasData: false }
96 silly mapToRegistry name morgan
97 silly mapToRegistry using default registry
98 silly mapToRegistry registry https://registry.npmjs.org/
99 silly mapToRegistry uri https://registry.npmjs.org/morgan
100 verbose addNameRange registry:https://registry.npmjs.org/morgan not in flight; fetching
101 silly resolveWithNewModule body-parser@1.9.3 checking installable status
102 silly cache add args [ 'body-parser@~1.9.3', null ]
103 verbose cache add spec body-parser@~1.9.3
104 silly cache add parsed spec Result {
104 silly cache add   raw: 'body-parser@~1.9.3',
104 silly cache add   scope: null,
104 silly cache add   name: 'body-parser',
104 silly cache add   rawSpec: '~1.9.3',
104 silly cache add   spec: '>=1.9.3 <1.10.0',
104 silly cache add   type: 'range' }
105 silly addNamed body-parser@>=1.9.3 <1.10.0
106 verbose addNamed ">=1.9.3 <1.10.0" is a valid semver range for body-parser
107 silly addNameRange { name: 'body-parser', range: '>=1.9.3 <1.10.0', hasData: false }
108 silly mapToRegistry name body-parser
109 silly mapToRegistry using default registry
110 silly mapToRegistry registry https://registry.npmjs.org/
111 silly mapToRegistry uri https://registry.npmjs.org/body-parser
112 verbose addNameRange registry:https://registry.npmjs.org/body-parser not in flight; fetching
113 silly resolveWithNewModule mongoose@3.8.39 checking installable status
114 silly cache add args [ 'mongoose@~3.8.19', null ]
115 verbose cache add spec mongoose@~3.8.19
116 silly cache add parsed spec Result {
116 silly cache add   raw: 'mongoose@~3.8.19',
116 silly cache add   scope: null,
116 silly cache add   name: 'mongoose',
116 silly cache add   rawSpec: '~3.8.19',
116 silly cache add   spec: '>=3.8.19 <3.9.0',
116 silly cache add   type: 'range' }
117 silly addNamed mongoose@>=3.8.19 <3.9.0
118 verbose addNamed ">=3.8.19 <3.9.0" is a valid semver range for mongoose
119 silly addNameRange { name: 'mongoose', range: '>=3.8.19 <3.9.0', hasData: false }
120 silly mapToRegistry name mongoose
121 silly mapToRegistry using default registry
122 silly mapToRegistry registry https://registry.npmjs.org/
123 silly mapToRegistry uri https://registry.npmjs.org/mongoose
124 verbose addNameRange registry:https://registry.npmjs.org/mongoose not in flight; fetching
125 silly resolveWithNewModule express@4.10.8 checking installable status
126 silly cache add args [ 'express@~4.10.3', null ]
127 verbose cache add spec express@~4.10.3
128 silly cache add parsed spec Result {
128 silly cache add   raw: 'express@~4.10.3',
128 silly cache add   scope: null,
128 silly cache add   name: 'express',
128 silly cache add   rawSpec: '~4.10.3',
128 silly cache add   spec: '>=4.10.3 <4.11.0',
128 silly cache add   type: 'range' }
129 silly addNamed express@>=4.10.3 <4.11.0
130 verbose addNamed ">=4.10.3 <4.11.0" is a valid semver range for express
131 silly addNameRange { name: 'express', range: '>=4.10.3 <4.11.0', hasData: false }
132 silly mapToRegistry name express
133 silly mapToRegistry using default registry
134 silly mapToRegistry registry https://registry.npmjs.org/
135 silly mapToRegistry uri https://registry.npmjs.org/express
136 verbose addNameRange registry:https://registry.npmjs.org/express not in flight; fetching
137 http 404 https://registry.npmjs.org/bcrypt-node.js
138 verbose headers { 'content-type': 'application/json',
138 verbose headers   'cache-control': 'max-age=0',
138 verbose headers   'content-length': '2',
138 verbose headers   'accept-ranges': 'bytes',
138 verbose headers   date: 'Wed, 16 Mar 2016 21:11:33 GMT',
138 verbose headers   via: '1.1 varnish',
138 verbose headers   age: '0',
138 verbose headers   connection: 'keep-alive',
138 verbose headers   'x-served-by': 'cache-jfk1021-JFK',
138 verbose headers   'x-cache': 'MISS',
138 verbose headers   'x-cache-hits': '0',
138 verbose headers   'x-timer': 'S1458162693.370373,VS0,VE21' }
139 silly get cb [ 404,
139 silly get   { 'content-type': 'application/json',
139 silly get     'cache-control': 'max-age=0',
139 silly get     'content-length': '2',
139 silly get     'accept-ranges': 'bytes',
139 silly get     date: 'Wed, 16 Mar 2016 21:11:33 GMT',
139 silly get     via: '1.1 varnish',
139 silly get     age: '0',
139 silly get     connection: 'keep-alive',
139 silly get     'x-served-by': 'cache-jfk1021-JFK',
139 silly get     'x-cache': 'MISS',
139 silly get     'x-cache-hits': '0',
139 silly get     'x-timer': 'S1458162693.370373,VS0,VE21' } ]
140 silly fetchPackageMetaData Error: Registry returned 404 for GET on https://registry.npmjs.org/bcrypt-node.js
140 silly fetchPackageMetaData     at makeError (/usr/local/lib/node_modules/npm/node_modules/npm-registry-client/lib/request.js:264:12)
140 silly fetchPackageMetaData     at CachingRegistryClient.<anonymous> (/usr/local/lib/node_modules/npm/node_modules/npm-registry-client/lib/request.js:242:14)
140 silly fetchPackageMetaData     at Request._callback (/usr/local/lib/node_modules/npm/node_modules/npm-registry-client/lib/request.js:172:14)
140 silly fetchPackageMetaData     at Request.self.callback (/usr/local/lib/node_modules/npm/node_modules/request/request.js:198:22)
140 silly fetchPackageMetaData     at emitTwo (events.js:100:13)
140 silly fetchPackageMetaData     at Request.emit (events.js:185:7)
140 silly fetchPackageMetaData     at Request.<anonymous> (/usr/local/lib/node_modules/npm/node_modules/request/request.js:1082:10)
140 silly fetchPackageMetaData     at emitOne (events.js:95:20)
140 silly fetchPackageMetaData     at Request.emit (events.js:182:7)
140 silly fetchPackageMetaData     at IncomingMessage.<anonymous> (/usr/local/lib/node_modules/npm/node_modules/request/request.js:1009:12)
140 silly fetchPackageMetaData  error for bcrypt-node.js@0.0.3 { [Error: Registry returned 404 for GET on https://registry.npmjs.org/bcrypt-node.js] pkgid: 'bcrypt-node.js', statusCode: 404, code: 'E404' }
141 verbose get https://registry.npmjs.org/morgan not expired, no request
142 silly addNameRange number 2 { name: 'morgan', range: '>=1.5.0 <1.6.0', hasData: true }
143 silly addNameRange versions [ 'morgan',
143 silly addNameRange   [ '1.0.0',
143 silly addNameRange     '1.0.1',
143 silly addNameRange     '1.1.0',
143 silly addNameRange     '1.1.1',
143 silly addNameRange     '1.2.0',
143 silly addNameRange     '1.2.1',
143 silly addNameRange     '1.2.2',
143 silly addNameRange     '1.2.3',
143 silly addNameRange     '1.3.0',
143 silly addNameRange     '1.3.1',
143 silly addNameRange     '1.3.2',
143 silly addNameRange     '1.4.0',
143 silly addNameRange     '1.4.1',
143 silly addNameRange     '1.5.0',
143 silly addNameRange     '1.5.1',
143 silly addNameRange     '1.5.2',
143 silly addNameRange     '1.5.3',
143 silly addNameRange     '1.6.0',
143 silly addNameRange     '1.6.1',
143 silly addNameRange     '1.7.0' ] ]
144 silly addNamed morgan@1.5.3
145 verbose addNamed "1.5.3" is a plain semver version for morgan
146 verbose get https://registry.npmjs.org/body-parser not expired, no request
147 silly addNameRange number 2 { name: 'body-parser', range: '>=1.9.3 <1.10.0', hasData: true }
148 silly addNameRange versions [ 'body-parser',
148 silly addNameRange   [ '1.0.0',
148 silly addNameRange     '1.0.1',
148 silly addNameRange     '1.0.2',
148 silly addNameRange     '1.1.0',
148 silly addNameRange     '1.1.1',
148 silly addNameRange     '1.1.2',
148 silly addNameRange     '1.2.0',
148 silly addNameRange     '1.2.1',
148 silly addNameRange     '1.2.2',
148 silly addNameRange     '1.3.0',
148 silly addNameRange     '1.3.1',
148 silly addNameRange     '1.4.0',
148 silly addNameRange     '1.4.1',
148 silly addNameRange     '1.4.2',
148 silly addNameRange     '1.4.3',
148 silly addNameRange     '1.5.0',
148 silly addNameRange     '1.5.1',
148 silly addNameRange     '1.5.2',
148 silly addNameRange     '1.6.0',
148 silly addNameRange     '1.6.1',
148 silly addNameRange     '1.6.2',
148 silly addNameRange     '1.6.3',
148 silly addNameRange     '1.6.4',
148 silly addNameRange     '1.6.5',
148 silly addNameRange     '1.6.6',
148 silly addNameRange     '1.6.7',
148 silly addNameRange     '1.7.0',
148 silly addNameRange     '1.8.0',
148 silly addNameRange     '1.8.1',
148 silly addNameRange     '1.8.2',
148 silly addNameRange     '1.8.3',
148 silly addNameRange     '1.8.4',
148 silly addNameRange     '1.9.0',
148 silly addNameRange     '1.9.1',
148 silly addNameRange     '1.9.2',
148 silly addNameRange     '1.9.3',
148 silly addNameRange     '1.10.0',
148 silly addNameRange     '1.10.1',
148 silly addNameRange     '1.10.2',
148 silly addNameRange     '1.11.0',
148 silly addNameRange     '1.12.0',
148 silly addNameRange     '1.12.1',
148 silly addNameRange     '1.12.2',
148 silly addNameRange     '1.12.3',
148 silly addNameRange     '1.12.4',
148 silly addNameRange     '1.13.0',
148 silly addNameRange     '1.13.1',
148 silly addNameRange     '1.13.2',
148 silly addNameRange     '1.13.3',
148 silly addNameRange     '1.14.0',
148 silly addNameRange     '1.14.1',
148 silly addNameRange     '1.14.2',
148 silly addNameRange     '1.15.0' ] ]
149 silly addNamed body-parser@1.9.3
150 verbose addNamed "1.9.3" is a plain semver version for body-parser
151 verbose get https://registry.npmjs.org/mongoose not expired, no request
152 silly addNameRange number 2 { name: 'mongoose', range: '>=3.8.19 <3.9.0', hasData: true }
153 silly addNameRange versions [ 'mongoose',
153 silly addNameRange   [ '0.0.1',
153 silly addNameRange     '0.0.2',
153 silly addNameRange     '0.0.3',
153 silly addNameRange     '0.0.4',
153 silly addNameRange     '0.0.5',
153 silly addNameRange     '1.0.0',
153 silly addNameRange     '1.0.1',
153 silly addNameRange     '1.0.2',
153 silly addNameRange     '0.0.6',
153 silly addNameRange     '1.0.3',
153 silly addNameRange     '1.0.4',
153 silly addNameRange     '1.0.5',
153 silly addNameRange     '1.0.6',
153 silly addNameRange     '1.0.7',
153 silly addNameRange     '1.0.8',
153 silly addNameRange     '1.0.10',
153 silly addNameRange     '1.0.11',
153 silly addNameRange     '1.0.12',
153 silly addNameRange     '1.0.13',
153 silly addNameRange     '1.0.14',
153 silly addNameRange     '1.0.15',
153 silly addNameRange     '1.0.16',
153 silly addNameRange     '1.1.0',
153 silly addNameRange     '1.1.1',
153 silly addNameRange     '1.1.2',
153 silly addNameRange     '1.1.3',
153 silly addNameRange     '1.1.4',
153 silly addNameRange     '1.1.5',
153 silly addNameRange     '1.1.6',
153 silly addNameRange     '1.1.7',
153 silly addNameRange     '1.1.8',
153 silly addNameRange     '1.1.9',
153 silly addNameRange     '1.1.10',
153 silly addNameRange     '1.1.11',
153 silly addNameRange     '1.1.12',
153 silly addNameRange     '1.1.13',
153 silly addNameRange     '1.1.14',
153 silly addNameRange     '1.1.15',
153 silly addNameRange     '1.1.16',
153 silly addNameRange     '1.1.17',
153 silly addNameRange     '1.1.18',
153 silly addNameRange     '1.1.19',
153 silly addNameRange     '1.1.20',
153 silly addNameRange     '1.1.21',
153 silly addNameRange     '1.1.22',
153 silly addNameRange     '1.1.23',
153 silly addNameRange     '1.1.24',
153 silly addNameRange     '1.1.25',
153 silly addNameRange     '1.2.0',
153 silly addNameRange     '1.3.0',
153 silly addNameRange     '1.3.1',
153 silly addNameRange     '1.3.2',
153 silly addNameRange     '1.3.3',
153 silly addNameRange     '1.3.4',
153 silly addNameRange     '1.3.5',
153 silly addNameRange     '1.3.6',
153 silly addNameRange     '1.3.7',
153 silly addNameRange     '1.4.0',
153 silly addNameRange     '1.5.0',
153 silly addNameRange     '1.6.0',
153 silly addNameRange     '1.7.2',
153 silly addNameRange     '1.7.3',
153 silly addNameRange     '1.7.4',
153 silly addNameRange     '1.8.0',
153 silly addNameRange     '1.8.1',
153 silly addNameRange     '1.8.2',
153 silly addNameRange     '1.8.3',
153 silly addNameRange     '1.8.4',
153 silly addNameRange     '2.0.0',
153 silly addNameRange     '2.0.1',
153 silly addNameRange     '2.0.2',
153 silly addNameRange     '2.0.3',
153 silly addNameRange     '2.0.4',
153 silly addNameRange     '2.1.0',
153 silly addNameRange     '2.1.1',
153 silly addNameRange     '2.1.2',
153 silly addNameRange     '2.1.3',
153 silly addNameRange     '2.1.4',
153 silly addNameRange     '2.2.0',
153 silly addNameRange     '2.2.1',
153 silly addNameRange     '2.2.2',
153 silly addNameRange     '2.2.3',
153 silly addNameRange     '2.2.4',
153 silly addNameRange     '2.3.0',
153 silly addNameRange     '2.3.1',
153 silly addNameRange     '2.3.2',
153 silly addNameRange     '2.3.3',
153 silly addNameRange     '2.3.4',
153 silly addNameRange     '2.3.5',
153 silly addNameRange     '2.3.6',
153 silly addNameRange     '2.3.7',
153 silly addNameRange     '2.3.8',
153 silly addNameRange     '2.3.9',
153 silly addNameRange     '2.3.10',
153 silly addNameRange     '2.3.11',
153 silly addNameRange     '2.3.12',
153 silly addNameRange     '2.3.13',
153 silly addNameRange     '2.4.0',
153 silly addNameRange     '2.4.1',
153 silly addNameRange     '2.4.2',
153 silly addNameRange     '2.4.3',
153 silly addNameRange     '2.4.4',
153 silly addNameRange     '2.4.5',
153 silly addNameRange     '2.4.6',
153 silly addNameRange     '2.4.7',
153 silly addNameRange     '2.4.8',
153 silly addNameRange     '2.4.9',
153 silly addNameRange     '2.4.10',
153 silly addNameRange     '2.5.0',
153 silly addNameRange     '2.5.1',
153 silly addNameRange     '2.5.2',
153 silly addNameRange     '2.5.3',
153 silly addNameRange     '2.5.4',
153 silly addNameRange     '2.5.5',
153 silly addNameRange     '2.5.6',
153 silly addNameRange     '2.5.7',
153 silly addNameRange     '2.5.8',
153 silly addNameRange     '2.5.9',
153 silly addNameRange     '2.5.10',
153 silly addNameRange     '2.5.11',
153 silly addNameRange     '2.5.12',
153 silly addNameRange     '2.5.13',
153 silly addNameRange     '2.5.14',
153 silly addNameRange     '2.6.0',
153 silly addNameRange     '2.6.1',
153 silly addNameRange     '2.6.2',
153 silly addNameRange     '2.6.3',
153 silly addNameRange     '2.6.4',
153 silly addNameRange     '2.6.5',
153 silly addNameRange     '2.6.6',
153 silly addNameRange     '2.6.7',
153 silly addNameRange     '2.6.8',
153 silly addNameRange     '2.7.0',
153 silly addNameRange     '2.7.1',
153 silly addNameRange     '2.7.2',
153 silly addNameRange     '2.7.4',
153 silly addNameRange     '2.7.3',
153 silly addNameRange     '3.0.0',
153 silly addNameRange     '3.0.1',
153 silly addNameRange     '3.0.2',
153 silly addNameRange     '2.8.0',
153 silly addNameRange     '3.0.3',
153 silly addNameRange     '3.1.0',
153 silly addNameRange     '2.8.1',
153 silly addNameRange     '3.1.1',
153 silly addNameRange     '2.8.2',
153 silly addNameRange     '2.8.3',
153 silly addNameRange     '2.9.0',
153 silly addNameRange     '3.2.0',
153 silly addNameRange     '2.9.1',
153 silly addNameRange     '3.2.1',
153 silly addNameRange     '2.9.2',
153 silly addNameRange     '3.2.2',
153 silly addNameRange     '3.3.0',
153 silly addNameRange     '3.3.1',
153 silly addNameRange     '2.9.3',
153 silly addNameRange     '3.4.0',
153 silly addNameRange     '2.9.4',
153 silly addNameRange     '2.9.5',
153 silly addNameRange     '3.5.0',
153 silly addNameRange     '3.5.1',
153 silly addNameRange     '3.5.2',
153 silly addNameRange     '3.5.3',
153 silly addNameRange     '2.9.6',
153 silly addNameRange     '2.9.7',
153 silly addNameRange     '3.5.4',
153 silly addNameRange     '3.5.5',
153 silly addNameRange     '2.9.8',
153 silly addNameRange     '2.9.9',
153 silly addNameRange     '3.5.6',
153 silly addNameRange     '3.5.7',
153 silly addNameRange     '3.5.8',
153 silly addNameRange     '2.9.10',
153 silly addNameRange     '3.5.9',
153 silly addNameRange     '3.6.2',
153 silly addNameRange     '3.5.10',
153 silly addNameRange     '3.6.3',
153 silly addNameRange     '3.5.11',
153 silly addNameRange     '3.6.4',
153 silly addNameRange     '3.6.5',
153 silly addNameRange     '3.6.6',
153 silly addNameRange     '3.6.7',
153 silly addNameRange     '3.5.12',
153 silly addNameRange     '3.6.8',
153 silly addNameRange     '3.6.9',
153 silly addNameRange     '3.6.10',
153 silly addNameRange     '3.5.13',
153 silly addNameRange     '3.5.14',
153 silly addNameRange     '3.6.11',
153 silly addNameRange     '3.6.12',
153 silly addNameRange     '3.6.13',
153 silly addNameRange     '3.6.14',
153 silly addNameRange     '3.6.15',
153 silly addNameRange     '3.5.15',
153 silly addNameRange     '3.7.0',
153 silly addNameRange     '3.6.16',
153 silly addNameRange     '3.5.16',
153 silly addNameRange     '3.6.17',
153 silly addNameRange     '3.7.2',
153 silly addNameRange     '3.0.0-alpha1',
153 silly addNameRange     '3.0.0-alpha2',
153 silly addNameRange     '3.0.0-rc0',
153 silly addNameRange     '3.6.0-rc0',
153 silly addNameRange     '3.6.0-rc1',
153 silly addNameRange     '3.6.18',
153 silly addNameRange     '3.7.3',
153 silly addNameRange     '3.6.19',
153 silly addNameRange     '3.6.20',
153 silly addNameRange     '3.7.4',
153 silly addNameRange     '3.8.0',
153 silly addNameRange     '3.8.1',
153 silly addNameRange     '3.8.2',
153 silly addNameRange     '3.8.3',
153 silly addNameRange     '3.8.4',
153 silly addNameRange     '3.8.5',
153 silly addNameRange     '3.8.6',
153 silly addNameRange     '3.8.7',
153 silly addNameRange     '3.8.8',
153 silly addNameRange     '3.8.9',
153 silly addNameRange     '3.8.10',
153 silly addNameRange     '3.8.11',
153 silly addNameRange     '3.9.0',
153 silly addNameRange     '3.8.12',
153 silly addNameRange     '3.8.13',
153 silly addNameRange     '3.8.14',
153 silly addNameRange     '3.8.15',
153 silly addNameRange     '3.9.1',
153 silly addNameRange     '3.8.16',
153 silly addNameRange     '3.9.2',
153 silly addNameRange     '3.8.17',
153 silly addNameRange     '3.9.3',
153 silly addNameRange     '3.8.18',
153 silly addNameRange     '3.9.4',
153 silly addNameRange     '3.8.19',
153 silly addNameRange     '3.9.5',
153 silly addNameRange     '3.8.20',
153 silly addNameRange     '3.9.6',
153 silly addNameRange     '3.8.21',
153 silly addNameRange     '3.9.7',
153 silly addNameRange     '3.8.22',
153 silly addNameRange     '4.0.0-rc0',
153 silly addNameRange     '4.0.0-rc1',
153 silly addNameRange     '3.8.23',
153 silly addNameRange     '4.0.0-rc2',
153 silly addNameRange     '3.8.24',
153 silly addNameRange     '4.0.0-rc3',
153 silly addNameRange     '3.8.25',
153 silly addNameRange     '4.0.0-rc4',
153 silly addNameRange     '4.0.0',
153 silly addNameRange     '4.0.1',
153 silly addNameRange     '3.8.26',
153 silly addNameRange     '3.8.27',
153 silly addNameRange     '4.0.2',
153 silly addNameRange     '3.8.28',
153 silly addNameRange     '4.0.3',
153 silly addNameRange     '3.8.29',
153 silly addNameRange     '4.0.4',
153 silly addNameRange     '3.8.30',
153 silly addNameRange     '4.0.5',
153 silly addNameRange     '3.8.31',
153 silly addNameRange     '4.0.6',
153 silly addNameRange     '3.8.33',
153 silly addNameRange     '4.0.7',
153 silly addNameRange     '3.8.34',
153 silly addNameRange     '4.0.8',
153 silly addNameRange     '4.1.0',
153 silly addNameRange     '4.1.1',
153 silly addNameRange     '4.1.2',
153 silly addNameRange     '3.8.35',
153 silly addNameRange     '4.1.3',
153 silly addNameRange     '4.1.5',
153 silly addNameRange     '4.1.6',
153 silly addNameRange     '4.1.7',
153 silly addNameRange     '4.1.8',
153 silly addNameRange     '4.1.9',
153 silly addNameRange     '4.1.10',
153 silly addNameRange     '4.1.11',
153 silly addNameRange     '3.8.36',
153 silly addNameRange     '4.1.12',
153 silly addNameRange     '4.2.0',
153 silly addNameRange     '4.2.1',
153 silly addNameRange     '4.2.2',
153 silly addNameRange     '4.2.3',
153 silly addNameRange     '4.2.4',
153 silly addNameRange     '4.2.5',
153 silly addNameRange     '3.8.37',
153 silly addNameRange     '4.2.6',
153 silly addNameRange     '4.2.7',
153 silly addNameRange     '4.2.8',
153 silly addNameRange     '4.2.9',
153 silly addNameRange     '4.2.10',
153 silly addNameRange     '4.3.0',
153 silly addNameRange     '4.3.1',
153 silly addNameRange     '4.3.2',
153 silly addNameRange     '4.3.3',
153 silly addNameRange     '4.3.4',
153 silly addNameRange     '3.8.38',
153 silly addNameRange     '4.3.5',
153 silly addNameRange     '4.3.6',
153 silly addNameRange     '3.8.39',
153 silly addNameRange     '4.3.7',
153 silly addNameRange     '4.4.0',
153 silly addNameRange     '4.4.1',
153 silly addNameRange     '4.4.2',
153 silly addNameRange     '4.4.3',
153 silly addNameRange     '4.4.4',
153 silly addNameRange     '4.4.5',
153 silly addNameRange     '4.4.6',
153 silly addNameRange     '4.4.7' ] ]
154 silly addNamed mongoose@3.8.39
155 verbose addNamed "3.8.39" is a plain semver version for mongoose
156 verbose get https://registry.npmjs.org/express not expired, no request
157 silly addNameRange number 2 { name: 'express', range: '>=4.10.3 <4.11.0', hasData: true }
158 silly addNameRange versions [ 'express',
158 silly addNameRange   [ '0.14.0',
158 silly addNameRange     '0.14.1',
158 silly addNameRange     '1.0.0',
158 silly addNameRange     '1.0.1',
158 silly addNameRange     '1.0.2',
158 silly addNameRange     '1.0.3',
158 silly addNameRange     '1.0.4',
158 silly addNameRange     '1.0.5',
158 silly addNameRange     '1.0.6',
158 silly addNameRange     '1.0.7',
158 silly addNameRange     '1.0.8',
158 silly addNameRange     '2.0.0',
158 silly addNameRange     '2.1.0',
158 silly addNameRange     '2.1.1',
158 silly addNameRange     '2.2.0',
158 silly addNameRange     '2.2.1',
158 silly addNameRange     '2.2.2',
158 silly addNameRange     '2.3.0',
158 silly addNameRange     '2.3.1',
158 silly addNameRange     '2.3.2',
158 silly addNameRange     '2.3.3',
158 silly addNameRange     '2.3.4',
158 silly addNameRange     '2.3.5',
158 silly addNameRange     '2.3.6',
158 silly addNameRange     '2.3.7',
158 silly addNameRange     '2.3.8',
158 silly addNameRange     '2.3.9',
158 silly addNameRange     '2.3.10',
158 silly addNameRange     '2.3.11',
158 silly addNameRange     '2.3.12',
158 silly addNameRange     '2.4.0',
158 silly addNameRange     '2.4.1',
158 silly addNameRange     '2.4.2',
158 silly addNameRange     '2.4.3',
158 silly addNameRange     '2.4.4',
158 silly addNameRange     '2.4.5',
158 silly addNameRange     '2.4.6',
158 silly addNameRange     '2.4.7',
158 silly addNameRange     '2.5.0',
158 silly addNameRange     '2.5.1',
158 silly addNameRange     '2.5.2',
158 silly addNameRange     '2.5.3',
158 silly addNameRange     '2.5.4',
158 silly addNameRange     '2.5.5',
158 silly addNameRange     '2.5.6',
158 silly addNameRange     '2.5.7',
158 silly addNameRange     '2.5.8',
158 silly addNameRange     '2.5.9',
158 silly addNameRange     '2.5.10',
158 silly addNameRange     '2.5.11',
158 silly addNameRange     '3.0.0',
158 silly addNameRange     '3.0.1',
158 silly addNameRange     '3.0.2',
158 silly addNameRange     '3.0.3',
158 silly addNameRange     '3.0.4',
158 silly addNameRange     '3.0.5',
158 silly addNameRange     '3.0.6',
158 silly addNameRange     '3.1.0',
158 silly addNameRange     '3.1.1',
158 silly addNameRange     '3.1.2',
158 silly addNameRange     '3.2.0',
158 silly addNameRange     '3.2.1',
158 silly addNameRange     '3.2.2',
158 silly addNameRange     '3.2.3',
158 silly addNameRange     '3.2.4',
158 silly addNameRange     '3.2.5',
158 silly addNameRange     '3.2.6',
158 silly addNameRange     '3.3.0',
158 silly addNameRange     '3.3.1',
158 silly addNameRange     '3.3.2',
158 silly addNameRange     '3.3.3',
158 silly addNameRange     '3.3.4',
158 silly addNameRange     '3.3.5',
158 silly addNameRange     '3.3.6',
158 silly addNameRange     '1.0.0-beta',
158 silly addNameRange     '1.0.0-beta2',
158 silly addNameRange     '1.0.0-rc',
158 silly addNameRange     '1.0.0-rc2',
158 silly addNameRange     '1.0.0-rc3',
158 silly addNameRange     '1.0.0-rc4',
158 silly addNameRange     '2.0.0-beta',
158 silly addNameRange     '2.0.0-beta2',
158 silly addNameRange     '2.0.0-beta3',
158 silly addNameRange     '2.0.0-rc',
158 silly addNameRange     '2.0.0-rc2',
158 silly addNameRange     '2.0.0-rc3',
158 silly addNameRange     '3.0.0-alpha1',
158 silly addNameRange     '3.0.0-alpha2',
158 silly addNameRange     '3.0.0-alpha3',
158 silly addNameRange     '3.0.0-alpha4',
158 silly addNameRange     '3.0.0-alpha5',
158 silly addNameRange     '3.0.0-beta1',
158 silly addNameRange     '3.0.0-beta2',
158 silly addNameRange     '3.0.0-beta3',
158 silly addNameRange     '3.0.0-beta4',
158 silly addNameRange     '3.0.0-beta6',
158 silly addNameRange     '3.0.0-beta7',
158 silly addNameRange     '3.0.0-rc1',
158 silly addNameRange     '3.0.0-rc2',
158 silly addNameRange     '3.0.0-rc3',
158 silly addNameRange     '3.0.0-rc4',
158 silly addNameRange     '3.0.0-rc5',
158 silly addNameRange     '3.3.7',
158 silly addNameRange     '3.3.8',
158 silly addNameRange     '3.4.0',
158 silly addNameRange     '3.4.1',
158 silly addNameRange     '3.4.2',
158 silly addNameRange     '3.4.3',
158 silly addNameRange     '3.4.4',
158 silly addNameRange     '3.4.5',
158 silly addNameRange     '3.4.6',
158 silly addNameRange     '3.4.7',
158 silly addNameRange     '3.4.8',
158 silly addNameRange     '4.0.0-rc1',
158 silly addNameRange     '4.0.0-rc2',
158 silly addNameRange     '3.5.0',
158 silly addNameRange     '4.0.0-rc3',
158 silly addNameRange     '4.0.0-rc4',
158 silly addNameRange     '3.5.1',
158 silly addNameRange     '4.0.0',
158 silly addNameRange     '3.5.2',
158 silly addNameRange     '4.1.0',
158 silly addNameRange     '4.1.1',
158 silly addNameRange     '3.5.3',
158 silly addNameRange     '4.1.2',
158 silly addNameRange     '3.6.0',
158 silly addNameRange     '4.2.0',
158 silly addNameRange     '3.7.0',
158 silly addNameRange     '3.8.0',
158 silly addNameRange     '4.3.0',
158 silly addNameRange     '4.3.1',
158 silly addNameRange     '3.8.1',
158 silly addNameRange     '4.3.2',
158 silly addNameRange     '3.9.0',
158 silly addNameRange     '4.4.0',
158 silly addNameRange     '4.4.1',
158 silly addNameRange     '3.10.0',
158 silly addNameRange     '3.10.1',
158 silly addNameRange     '3.10.2',
158 silly addNameRange     '3.10.3',
158 silly addNameRange     '3.10.4',
158 silly addNameRange     '4.4.2',
158 silly addNameRange     '3.10.5',
158 silly addNameRange     '4.4.3',
158 silly addNameRange     '3.11.0',
158 silly addNameRange     '4.4.4',
158 silly addNameRange     '3.12.0',
158 silly addNameRange     '3.12.1',
158 silly addNameRange     '4.4.5',
158 silly addNameRange     '3.13.0',
158 silly addNameRange     '4.5.0',
158 silly addNameRange     '4.5.1',
158 silly addNameRange     '3.14.0',
158 silly addNameRange     '4.6.0',
158 silly addNameRange     '4.6.1',
158 silly addNameRange     '3.15.0',
158 silly addNameRange     '4.7.0',
158 silly addNameRange     '3.15.1',
158 silly addNameRange     '4.7.1',
158 silly addNameRange     '3.15.2',
158 silly addNameRange     '4.7.2',
158 silly addNameRange     '4.7.3',
158 silly addNameRange     '3.15.3',
158 silly addNameRange     '4.7.4',
158 silly addNameRange     '3.16.0',
158 silly addNameRange     '4.8.0',
158 silly addNameRange     '3.16.1',
158 silly addNameRange     '4.8.1',
158 silly addNameRange     '3.16.2',
158 silly addNameRange     '4.8.2',
158 silly addNameRange     '3.16.3',
158 silly addNameRange     '3.16.4',
158 silly addNameRange     '4.8.3',
158 silly addNameRange     '3.16.5',
158 silly addNameRange     '3.16.6',
158 silly addNameRange     '4.8.4',
158 silly addNameRange     '3.16.7',
158 silly addNameRange     '4.8.5',
158 silly addNameRange     '3.16.8',
158 silly addNameRange     '4.8.6',
158 silly addNameRange     '3.16.9',
158 silly addNameRange     '4.8.7',
158 silly addNameRange     '3.16.10',
158 silly addNameRange     '4.8.8',
158 silly addNameRange     '3.17.0',
158 silly addNameRange     '3.17.1',
158 silly addNameRange     '4.9.0',
158 silly addNameRange     '3.17.2',
158 silly addNameRange     '4.9.1',
158 silly addNameRange     '4.9.2',
158 silly addNameRange     '3.17.3',
158 silly addNameRange     '4.9.3',
158 silly addNameRange     '3.17.4',
158 silly addNameRange     '4.9.4',
158 silly addNameRange     '3.17.5',
158 silly addNameRange     '4.9.5',
158 silly addNameRange     '3.17.6',
158 silly addNameRange     '3.17.7',
158 silly addNameRange     '4.9.6',
158 silly addNameRange     '4.9.7',
158 silly addNameRange     '3.17.8',
158 silly addNameRange     '4.9.8',
158 silly addNameRange     '3.18.0',
158 silly addNameRange     '3.18.1',
158 silly addNameRange     '4.10.0',
158 silly addNameRange     '3.18.2',
158 silly addNameRange     '4.10.1',
158 silly addNameRange     '5.0.0-alpha.1',
158 silly addNameRange     '3.18.3',
158 silly addNameRange     '4.10.2',
158 silly addNameRange     '3.18.4',
158 silly addNameRange     '4.10.3',
158 silly addNameRange     '4.10.4',
158 silly addNameRange     '4.10.5',
158 silly addNameRange     '3.18.5',
158 silly addNameRange     '3.18.6',
158 silly addNameRange     '4.10.6',
158 silly addNameRange     '4.10.7',
158 silly addNameRange     '3.19.0',
158 silly addNameRange     '4.10.8',
158 silly addNameRange     '4.11.0',
158 silly addNameRange     '3.19.1',
158 silly addNameRange     '4.11.1',
158 silly addNameRange     '3.19.2',
158 silly addNameRange     '4.11.2',
158 silly addNameRange     '3.20.0',
158 silly addNameRange     '4.12.0',
158 silly addNameRange     '3.20.1',
158 silly addNameRange     '4.12.1',
158 silly addNameRange     '4.12.2',
158 silly addNameRange     '3.20.2',
158 silly addNameRange     '4.12.3',
158 silly addNameRange     '3.20.3',
158 silly addNameRange     '4.12.4',
158 silly addNameRange     '3.21.0',
158 silly addNameRange     '4.13.0',
158 silly addNameRange     '3.21.1',
158 silly addNameRange     '4.13.1',
158 silly addNameRange     '5.0.0-alpha.2',
158 silly addNameRange     '3.21.2',
158 silly addNameRange     '4.13.2',
158 silly addNameRange     '4.13.3',
158 silly addNameRange     '4.13.4' ] ]
159 silly addNamed express@4.10.8
160 verbose addNamed "4.10.8" is a plain semver version for express
161 silly cache afterAdd morgan@1.5.3
162 verbose afterAdd /Users/cody/.npm/morgan/1.5.3/package/package.json not in flight; writing
163 silly cache afterAdd body-parser@1.9.3
164 verbose afterAdd /Users/cody/.npm/body-parser/1.9.3/package/package.json not in flight; writing
165 silly cache afterAdd mongoose@3.8.39
166 verbose afterAdd /Users/cody/.npm/mongoose/3.8.39/package/package.json not in flight; writing
167 silly cache afterAdd express@4.10.8
168 verbose afterAdd /Users/cody/.npm/express/4.10.8/package/package.json not in flight; writing
169 verbose afterAdd /Users/cody/.npm/morgan/1.5.3/package/package.json written
170 verbose afterAdd /Users/cody/.npm/mongoose/3.8.39/package/package.json written
171 verbose afterAdd /Users/cody/.npm/body-parser/1.9.3/package/package.json written
172 verbose afterAdd /Users/cody/.npm/express/4.10.8/package/package.json written
173 silly rollbackFailedOptional Starting
174 silly rollbackFailedOptional Finishing
175 silly runTopLevelLifecycles Starting
176 silly runTopLevelLifecycles Finishing
177 silly install printInstalled
178 verbose stack Error: Registry returned 404 for GET on https://registry.npmjs.org/bcrypt-node.js
178 verbose stack     at makeError (/usr/local/lib/node_modules/npm/node_modules/npm-registry-client/lib/request.js:264:12)
178 verbose stack     at CachingRegistryClient.<anonymous> (/usr/local/lib/node_modules/npm/node_modules/npm-registry-client/lib/request.js:242:14)
178 verbose stack     at Request._callback (/usr/local/lib/node_modules/npm/node_modules/npm-registry-client/lib/request.js:172:14)
178 verbose stack     at Request.self.callback (/usr/local/lib/node_modules/npm/node_modules/request/request.js:198:22)
178 verbose stack     at emitTwo (events.js:100:13)
178 verbose stack     at Request.emit (events.js:185:7)
178 verbose stack     at Request.<anonymous> (/usr/local/lib/node_modules/npm/node_modules/request/request.js:1082:10)
178 verbose stack     at emitOne (events.js:95:20)
178 verbose stack     at Request.emit (events.js:182:7)
178 verbose stack     at IncomingMessage.<anonymous> (/usr/local/lib/node_modules/npm/node_modules/request/request.js:1009:12)
179 verbose statusCode 404
180 verbose pkgid bcrypt-node.js
181 verbose cwd /Users/cody/Documents/Coding/meanStack/nodeRefreshDeux
182 error Darwin 14.5.0
183 error argv "/usr/local/bin/node" "/usr/local/bin/npm" "install"
184 error node v5.5.0
185 error npm  v3.3.12
186 error code E404
187 error 404 Registry returned 404 for GET on https://registry.npmjs.org/bcrypt-node.js
187 error 404
187 error 404 'bcrypt-node.js' is not in the npm registry.
187 error 404 You should bug the author to publish it (or use the name yourself!)
187 error 404 It was specified as a dependency of 'noderefreshdeux'
187 error 404
187 error 404 Note that you can also install from a
187 error 404 tarball, folder, http url, or git url.
188 verbose exit [ 1, true ]
